  SceneManager.cpp
C:\Users\justi\OneDrive\Documents\CS330Content\CS330Content\Projects\7-1_FinalProjectMilestones\Source\SceneManager.cpp(223,16): warning C4018: '<': signed/unsigned mismatch
C:\Users\justi\OneDrive\Documents\CS330Content\CS330Content\Projects\7-1_FinalProjectMilestones\Source\SceneManager.cpp(423,27): warning C4305: '=': truncation from 'double' to 'float'
C:\Users\justi\OneDrive\Documents\CS330Content\CS330Content\Projects\7-1_FinalProjectMilestones\Source\SceneManager.cpp(566,29): warning C4305: 'argument': truncation from 'double' to 'float'
C:\Users\justi\OneDrive\Documents\CS330Content\CS330Content\Projects\7-1_FinalProjectMilestones\Source\SceneManager.cpp(566,23): warning C4305: 'argument': truncation from 'double' to 'float'
C:\Users\justi\OneDrive\Documents\CS330Content\CS330Content\Projects\7-1_FinalProjectMilestones\Source\SceneManager.cpp(566,17): warning C4305: 'argument': truncation from 'double' to 'float'
C:\Users\justi\OneDrive\Documents\CS330Content\CS330Content\Projects\7-1_FinalProjectMilestones\Source\SceneManager.cpp(594,29): warning C4305: 'argument': truncation from 'double' to 'float'
C:\Users\justi\OneDrive\Documents\CS330Content\CS330Content\Projects\7-1_FinalProjectMilestones\Source\SceneManager.cpp(594,23): warning C4305: 'argument': truncation from 'double' to 'float'
C:\Users\justi\OneDrive\Documents\CS330Content\CS330Content\Projects\7-1_FinalProjectMilestones\Source\SceneManager.cpp(594,17): warning C4305: 'argument': truncation from 'double' to 'float'
C:\Users\justi\OneDrive\Documents\CS330Content\CS330Content\Projects\7-1_FinalProjectMilestones\Source\SceneManager.cpp(621,29): warning C4305: 'argument': truncation from 'double' to 'float'
C:\Users\justi\OneDrive\Documents\CS330Content\CS330Content\Projects\7-1_FinalProjectMilestones\Source\SceneManager.cpp(621,23): warning C4305: 'argument': truncation from 'double' to 'float'
C:\Users\justi\OneDrive\Documents\CS330Content\CS330Content\Projects\7-1_FinalProjectMilestones\Source\SceneManager.cpp(621,17): warning C4305: 'argument': truncation from 'double' to 'float'
C:\Users\justi\OneDrive\Documents\CS330Content\CS330Content\Projects\7-1_FinalProjectMilestones\Source\SceneManager.cpp(648,29): warning C4305: 'argument': truncation from 'double' to 'float'
C:\Users\justi\OneDrive\Documents\CS330Content\CS330Content\Projects\7-1_FinalProjectMilestones\Source\SceneManager.cpp(648,23): warning C4305: 'argument': truncation from 'double' to 'float'
C:\Users\justi\OneDrive\Documents\CS330Content\CS330Content\Projects\7-1_FinalProjectMilestones\Source\SceneManager.cpp(648,17): warning C4305: 'argument': truncation from 'double' to 'float'
C:\Users\justi\OneDrive\Documents\CS330Content\CS330Content\Projects\7-1_FinalProjectMilestones\Source\SceneManager.cpp(674,29): warning C4305: 'argument': truncation from 'double' to 'float'
C:\Users\justi\OneDrive\Documents\CS330Content\CS330Content\Projects\7-1_FinalProjectMilestones\Source\SceneManager.cpp(674,23): warning C4305: 'argument': truncation from 'double' to 'float'
C:\Users\justi\OneDrive\Documents\CS330Content\CS330Content\Projects\7-1_FinalProjectMilestones\Source\SceneManager.cpp(674,17): warning C4305: 'argument': truncation from 'double' to 'float'
C:\Users\justi\OneDrive\Documents\CS330Content\CS330Content\Projects\7-1_FinalProjectMilestones\Source\SceneManager.cpp(700,29): warning C4305: 'argument': truncation from 'double' to 'float'
C:\Users\justi\OneDrive\Documents\CS330Content\CS330Content\Projects\7-1_FinalProjectMilestones\Source\SceneManager.cpp(700,23): warning C4305: 'argument': truncation from 'double' to 'float'
C:\Users\justi\OneDrive\Documents\CS330Content\CS330Content\Projects\7-1_FinalProjectMilestones\Source\SceneManager.cpp(700,17): warning C4305: 'argument': truncation from 'double' to 'float'
C:\Users\justi\OneDrive\Documents\CS330Content\CS330Content\Projects\7-1_FinalProjectMilestones\Source\SceneManager.cpp(727,29): warning C4305: 'argument': truncation from 'double' to 'float'
C:\Users\justi\OneDrive\Documents\CS330Content\CS330Content\Projects\7-1_FinalProjectMilestones\Source\SceneManager.cpp(727,23): warning C4305: 'argument': truncation from 'double' to 'float'
C:\Users\justi\OneDrive\Documents\CS330Content\CS330Content\Projects\7-1_FinalProjectMilestones\Source\SceneManager.cpp(727,17): warning C4305: 'argument': truncation from 'double' to 'float'
C:\Users\justi\OneDrive\Documents\CS330Content\CS330Content\Projects\7-1_FinalProjectMilestones\Source\SceneManager.cpp(754,29): warning C4305: 'argument': truncation from 'double' to 'float'
C:\Users\justi\OneDrive\Documents\CS330Content\CS330Content\Projects\7-1_FinalProjectMilestones\Source\SceneManager.cpp(754,23): warning C4305: 'argument': truncation from 'double' to 'float'
C:\Users\justi\OneDrive\Documents\CS330Content\CS330Content\Projects\7-1_FinalProjectMilestones\Source\SceneManager.cpp(754,17): warning C4305: 'argument': truncation from 'double' to 'float'
C:\Users\justi\OneDrive\Documents\CS330Content\CS330Content\Projects\7-1_FinalProjectMilestones\Source\SceneManager.cpp(780,29): warning C4305: 'argument': truncation from 'double' to 'float'
C:\Users\justi\OneDrive\Documents\CS330Content\CS330Content\Projects\7-1_FinalProjectMilestones\Source\SceneManager.cpp(780,23): warning C4305: 'argument': truncation from 'double' to 'float'
C:\Users\justi\OneDrive\Documents\CS330Content\CS330Content\Projects\7-1_FinalProjectMilestones\Source\SceneManager.cpp(780,17): warning C4305: 'argument': truncation from 'double' to 'float'
C:\Users\justi\OneDrive\Documents\CS330Content\CS330Content\Projects\7-1_FinalProjectMilestones\Source\SceneManager.cpp(806,29): warning C4305: 'argument': truncation from 'double' to 'float'
C:\Users\justi\OneDrive\Documents\CS330Content\CS330Content\Projects\7-1_FinalProjectMilestones\Source\SceneManager.cpp(806,23): warning C4305: 'argument': truncation from 'double' to 'float'
C:\Users\justi\OneDrive\Documents\CS330Content\CS330Content\Projects\7-1_FinalProjectMilestones\Source\SceneManager.cpp(806,17): warning C4305: 'argument': truncation from 'double' to 'float'
C:\Users\justi\OneDrive\Documents\CS330Content\CS330Content\Projects\7-1_FinalProjectMilestones\Source\SceneManager.cpp(832,29): warning C4305: 'argument': truncation from 'double' to 'float'
C:\Users\justi\OneDrive\Documents\CS330Content\CS330Content\Projects\7-1_FinalProjectMilestones\Source\SceneManager.cpp(832,23): warning C4305: 'argument': truncation from 'double' to 'float'
C:\Users\justi\OneDrive\Documents\CS330Content\CS330Content\Projects\7-1_FinalProjectMilestones\Source\SceneManager.cpp(832,17): warning C4305: 'argument': truncation from 'double' to 'float'
C:\Users\justi\OneDrive\Documents\CS330Content\CS330Content\Projects\7-1_FinalProjectMilestones\Source\SceneManager.cpp(858,29): warning C4305: 'argument': truncation from 'double' to 'float'
C:\Users\justi\OneDrive\Documents\CS330Content\CS330Content\Projects\7-1_FinalProjectMilestones\Source\SceneManager.cpp(858,23): warning C4305: 'argument': truncation from 'double' to 'float'
C:\Users\justi\OneDrive\Documents\CS330Content\CS330Content\Projects\7-1_FinalProjectMilestones\Source\SceneManager.cpp(858,17): warning C4305: 'argument': truncation from 'double' to 'float'
C:\Users\justi\OneDrive\Documents\CS330Content\CS330Content\Projects\7-1_FinalProjectMilestones\Source\SceneManager.cpp(885,29): warning C4305: 'argument': truncation from 'double' to 'float'
C:\Users\justi\OneDrive\Documents\CS330Content\CS330Content\Projects\7-1_FinalProjectMilestones\Source\SceneManager.cpp(885,23): warning C4305: 'argument': truncation from 'double' to 'float'
C:\Users\justi\OneDrive\Documents\CS330Content\CS330Content\Projects\7-1_FinalProjectMilestones\Source\SceneManager.cpp(885,17): warning C4305: 'argument': truncation from 'double' to 'float'
C:\Users\justi\OneDrive\Documents\CS330Content\CS330Content\Projects\7-1_FinalProjectMilestones\Source\SceneManager.cpp(912,29): warning C4305: 'argument': truncation from 'double' to 'float'
C:\Users\justi\OneDrive\Documents\CS330Content\CS330Content\Projects\7-1_FinalProjectMilestones\Source\SceneManager.cpp(912,23): warning C4305: 'argument': truncation from 'double' to 'float'
C:\Users\justi\OneDrive\Documents\CS330Content\CS330Content\Projects\7-1_FinalProjectMilestones\Source\SceneManager.cpp(912,17): warning C4305: 'argument': truncation from 'double' to 'float'
C:\Users\justi\OneDrive\Documents\CS330Content\CS330Content\Projects\7-1_FinalProjectMilestones\Source\SceneManager.cpp(939,27): warning C4305: 'argument': truncation from 'double' to 'float'
C:\Users\justi\OneDrive\Documents\CS330Content\CS330Content\Projects\7-1_FinalProjectMilestones\Source\SceneManager.cpp(939,22): warning C4305: 'argument': truncation from 'double' to 'float'
C:\Users\justi\OneDrive\Documents\CS330Content\CS330Content\Projects\7-1_FinalProjectMilestones\Source\SceneManager.cpp(939,17): warning C4305: 'argument': truncation from 'double' to 'float'
C:\Users\justi\OneDrive\Documents\CS330Content\CS330Content\Projects\7-1_FinalProjectMilestones\Source\SceneManager.cpp(1157,27): warning C4305: 'argument': truncation from 'double' to 'float'
C:\Users\justi\OneDrive\Documents\CS330Content\CS330Content\Projects\7-1_FinalProjectMilestones\Source\SceneManager.cpp(1157,22): warning C4305: 'argument': truncation from 'double' to 'float'
C:\Users\justi\OneDrive\Documents\CS330Content\CS330Content\Projects\7-1_FinalProjectMilestones\Source\SceneManager.cpp(1157,17): warning C4305: 'argument': truncation from 'double' to 'float'
C:\Users\justi\OneDrive\Documents\CS330Content\CS330Content\Projects\7-1_FinalProjectMilestones\Source\SceneManager.cpp(1184,27): warning C4305: 'argument': truncation from 'double' to 'float'
C:\Users\justi\OneDrive\Documents\CS330Content\CS330Content\Projects\7-1_FinalProjectMilestones\Source\SceneManager.cpp(1184,22): warning C4305: 'argument': truncation from 'double' to 'float'
C:\Users\justi\OneDrive\Documents\CS330Content\CS330Content\Projects\7-1_FinalProjectMilestones\Source\SceneManager.cpp(1184,17): warning C4305: 'argument': truncation from 'double' to 'float'
C:\Users\justi\OneDrive\Documents\CS330Content\CS330Content\Projects\7-1_FinalProjectMilestones\Source\SceneManager.cpp(1211,29): warning C4305: 'argument': truncation from 'double' to 'float'
C:\Users\justi\OneDrive\Documents\CS330Content\CS330Content\Projects\7-1_FinalProjectMilestones\Source\SceneManager.cpp(1211,23): warning C4305: 'argument': truncation from 'double' to 'float'
C:\Users\justi\OneDrive\Documents\CS330Content\CS330Content\Projects\7-1_FinalProjectMilestones\Source\SceneManager.cpp(1211,17): warning C4305: 'argument': truncation from 'double' to 'float'
C:\Users\justi\OneDrive\Documents\CS330Content\CS330Content\Projects\7-1_FinalProjectMilestones\Source\SceneManager.cpp(1237,29): warning C4305: 'argument': truncation from 'double' to 'float'
C:\Users\justi\OneDrive\Documents\CS330Content\CS330Content\Projects\7-1_FinalProjectMilestones\Source\SceneManager.cpp(1237,23): warning C4305: 'argument': truncation from 'double' to 'float'
C:\Users\justi\OneDrive\Documents\CS330Content\CS330Content\Projects\7-1_FinalProjectMilestones\Source\SceneManager.cpp(1237,17): warning C4305: 'argument': truncation from 'double' to 'float'
C:\Users\justi\OneDrive\Documents\CS330Content\CS330Content\Projects\7-1_FinalProjectMilestones\Source\SceneManager.cpp(1263,29): warning C4305: 'argument': truncation from 'double' to 'float'
C:\Users\justi\OneDrive\Documents\CS330Content\CS330Content\Projects\7-1_FinalProjectMilestones\Source\SceneManager.cpp(1263,23): warning C4305: 'argument': truncation from 'double' to 'float'
C:\Users\justi\OneDrive\Documents\CS330Content\CS330Content\Projects\7-1_FinalProjectMilestones\Source\SceneManager.cpp(1263,17): warning C4305: 'argument': truncation from 'double' to 'float'
C:\Users\justi\OneDrive\Documents\CS330Content\CS330Content\Projects\7-1_FinalProjectMilestones\Source\SceneManager.cpp(1315,28): warning C4305: 'argument': truncation from 'double' to 'float'
C:\Users\justi\OneDrive\Documents\CS330Content\CS330Content\Projects\7-1_FinalProjectMilestones\Source\SceneManager.cpp(1315,17): warning C4305: 'argument': truncation from 'double' to 'float'
  7-1_FinalProjectMilestones.vcxproj -> C:\Users\justi\OneDrive\Documents\CS330Content\CS330Content\Projects\7-1_FinalProjectMilestones\Debug\7-1_FinalProjectMilestones.exe
